AndroidProjects/PA4AD_Ch08_DatabaseSkeleton/app/build/outputs/logs/manifest-merger-debug-report.txt
-- Merging decision tree log ---
manifest
ADDED from src\main\AndroidManifest.xml:2:1-49:12
	package
		ADDED from src\main\AndroidManifest.xml:3:3-38
		INJECTED from src\main\AndroidManifest.xml
		INJECTED from src\main\AndroidManifest.xml
	android:versionName
		ADDED from src\main\AndroidManifest.xml:5:3-28
		INJECTED from src\main\AndroidManifest.xml
		INJECTED from src\main\AndroidManifest.xml
	android:versionCode
		ADDED from src\main\AndroidManifest.xml:4:3-26
		INJECTED from src\main\AndroidManifest.xml
		INJECTED from src\main\AndroidManifest.xml
	xmlns:android
		ADDED from src\main\AndroidManifest.xml:2:11-69
application
ADDED from src\main\AndroidManifest.xml:7:3-48:17
	android:label
		ADDED from src\main\AndroidManifest.xml:9:5-37
	android:icon
		ADDED from src\main\AndroidManifest.xml:8:5-41
activity#com.paad.DatabaseSkeleton.DatabaseSkeletonActivity
ADDED from src\main\AndroidManifest.xml:10:5-17:16
	android:label
		ADDED from src\main\AndroidManifest.xml:11:7-39
	android:name
		ADDED from src\main\AndroidManifest.xml:12:7-47
intent-filter#android.intent.action.MAIN+android.intent.category.LAUNCHER
ADDED from src\main\AndroidManifest.xml:13:7-16:23
action#android.intent.action.MAIN
ADDED from src\main\AndroidManifest.xml:14:9-61
	android:name
		ADDED from src\main\AndroidManifest.xml:14:17-58
category#android.intent.category.LAUNCHER
ADDED from src\main\AndroidManifest.xml:15:9-69
	android:name
		ADDED from src\main\AndroidManifest.xml:15:19-66
activity#com.paad.DatabaseSkeleton.DatabaseSkeletonSearchActivity
ADDED from src\main\AndroidManifest.xml:20:2-31:13
	android:label
		ADDED from src\main\AndroidManifest.xml:21:12-42
	android:launchMode
		ADDED from src\main\AndroidManifest.xml:22:12-42
	android:name
		ADDED from src\main\AndroidManifest.xml:20:12-58
intent-filter#android.intent.action.SEARCH+android.intent.category.DEFAULT
ADDED from src\main\AndroidManifest.xml:23:4-26:20
action#android.intent.action.SEARCH
ADDED from src\main\AndroidManifest.xml:24:6-60
	android:name
		ADDED from src\main\AndroidManifest.xml:24:14-57
category#android.intent.category.DEFAULT
ADDED from src\main\AndroidManifest.xml:25:6-65
	android:name
		ADDED from src\main\AndroidManifest.xml:25:16-62
meta-data#android.app.searchable
ADDED from src\main\AndroidManifest.xml:27:4-30:6
	android:resource
		ADDED from src\main\AndroidManifest.xml:29:6-40
	android:name
		ADDED from src\main\AndroidManifest.xml:28:6-43
meta-data#android.app.default_searchable
ADDED from src\main\AndroidManifest.xml:34:5-37:7
	android:value
		ADDED from src\main\AndroidManifest.xml:36:7-54
	android:name
		ADDED from src\main\AndroidManifest.xml:35:7-52
provider#com.paad.DatabaseSkeleton.MyContentProvider
ADDED from src\main\AndroidManifest.xml:39:5-40:64
	android:authorities
		ADDED from src\main\AndroidManifest.xml:40:7-62
	android:name
		ADDED from src\main\AndroidManifest.xml:39:15-48
provider#com.paad.DatabaseSkeleton.MySearchSuggestionsContentProvider
ADDED from src\main\AndroidManifest.xml:42:5-43:74
	android:authorities
		ADDED from src\main\AndroidManifest.xml:43:7-72
	android:name
		ADDED from src\main\AndroidManifest.xml:42:15-65
provider#com.paad.DatabaseSkeleton.MyHoardContentProvider
ADDED from src\main\AndroidManifest.xml:45:5-46:60
	android:authorities
		ADDED from src\main\AndroidManifest.xml:46:7-58
	android:name
		ADDED from src\main\AndroidManifest.xml:45:15-53